===2018-11-11 23:26:28.248 INFO  com.jeremyyang.WebsocketDemoApplication Line:50  - Starting WebsocketDemoApplication on jeremyyang824.local with PID 1550 (/Users/jeremyyang/Projects/websocket-demo/target/classes started by jeremyyang in /Users/jeremyyang/Projects/websocket-demo)
===2018-11-11 23:26:28.250 INFO  com.jeremyyang.WebsocketDemoApplication Line:679 - The following profiles are active: dev
===2018-11-11 23:26:30.059 INFO  org.springframework.boot.web.embedded.tomcat.TomcatWebServer Line:90  - Tomcat initialized with port(s): 8080 (http)
===2018-11-11 23:26:30.175 INFO  org.springframework.web.context.ContextLoader Line:285 - Root WebApplicationContext: initialization completed in 1871 ms
===2018-11-11 23:26:30.571 INFO  org.springframework.boot.web.servlet.FilterRegistrationBean Line:248 - Mapping filter: 'characterEncodingFilter' to: [/*]
===2018-11-11 23:26:30.572 INFO  org.springframework.boot.web.servlet.FilterRegistrationBean Line:248 - Mapping filter: 'webMvcMetricsFilter' to: [/*]
===2018-11-11 23:26:30.572 INFO  org.springframework.boot.web.servlet.FilterRegistrationBean Line:248 - Mapping filter: 'hiddenHttpMethodFilter' to: [/*]
===2018-11-11 23:26:30.573 INFO  org.springframework.boot.web.servlet.FilterRegistrationBean Line:248 - Mapping filter: 'formContentFilter' to: [/*]
===2018-11-11 23:26:30.573 INFO  org.springframework.boot.web.servlet.FilterRegistrationBean Line:248 - Mapping filter: 'requestContextFilter' to: [/*]
===2018-11-11 23:26:30.573 INFO  org.springframework.boot.web.servlet.DelegatingFilterProxyRegistrationBean Line:248 - Mapping filter: 'springSecurityFilterChain' to: [/*]
===2018-11-11 23:26:30.574 INFO  org.springframework.boot.web.servlet.FilterRegistrationBean Line:248 - Mapping filter: 'httpTraceFilter' to: [/*]
===2018-11-11 23:26:30.574 INFO  org.springframework.boot.web.servlet.ServletRegistrationBean Line:186 - Servlet dispatcherServlet mapped to [/]
===2018-11-11 23:26:30.721 INFO  org.springframework.scheduling.concurrent.ThreadPoolTaskExecutor Line:171 - Initializing ExecutorService 'clientInboundChannelExecutor'
===2018-11-11 23:26:30.725 INFO  org.springframework.scheduling.concurrent.ThreadPoolTaskExecutor Line:171 - Initializing ExecutorService 'clientOutboundChannelExecutor'
===2018-11-11 23:26:30.800 INFO  org.springframework.boot.autoconfigure.security.servlet.UserDetailsServiceAutoConfiguration Line:86  - 

Using generated security password: 52e60cf5-1294-4f58-ab5b-4773b94029ff

===2018-11-11 23:26:30.884 INFO  org.springframework.scheduling.concurrent.ThreadPoolTaskScheduler Line:171 - Initializing ExecutorService 'messageBrokerTaskScheduler'
===2018-11-11 23:26:30.908 INFO  org.springframework.scheduling.concurrent.ThreadPoolTaskExecutor Line:171 - Initializing ExecutorService 'brokerChannelExecutor'
===2018-11-11 23:26:31.262 INFO  org.springframework.boot.autoconfigure.web.servlet.WelcomePageHandlerMapping Line:56  - Adding welcome page: class path resource [static/index.html]
===2018-11-11 23:26:31.415 INFO  org.springframework.boot.actuate.endpoint.web.EndpointLinksResolver Line:59  - Exposing 2 endpoint(s) beneath base path '/actuator'
===2018-11-11 23:26:31.478 INFO  org.springframework.messaging.simp.broker.SimpleBrokerMessageHandler Line:132 - Starting...
===2018-11-11 23:26:31.479 INFO  org.springframework.messaging.simp.broker.SimpleBrokerMessageHandler Line:132 - BrokerAvailabilityEvent[available=true, SimpleBrokerMessageHandler [DefaultSubscriptionRegistry[cache[0 destination(s)], registry[0 sessions]]]]
===2018-11-11 23:26:31.480 INFO  org.springframework.messaging.simp.broker.SimpleBrokerMessageHandler Line:132 - Started.
===2018-11-11 23:26:31.556 INFO  org.springframework.boot.web.embedded.tomcat.TomcatWebServer Line:204 - Tomcat started on port(s): 8080 (http) with context path ''
===2018-11-11 23:26:31.559 INFO  com.jeremyyang.WebsocketDemoApplication Line:59  - Started WebsocketDemoApplication in 3.928 seconds (JVM running for 4.717)
===2018-11-11 23:26:39.772 INFO  org.springframework.messaging.simp.broker.SimpleBrokerMessageHandler Line:132 - Stopping...
===2018-11-11 23:26:39.772 INFO  org.springframework.messaging.simp.broker.SimpleBrokerMessageHandler Line:132 - BrokerAvailabilityEvent[available=false, SimpleBrokerMessageHandler [DefaultSubscriptionRegistry[cache[0 destination(s)], registry[0 sessions]]]]
===2018-11-11 23:26:39.773 INFO  org.springframework.messaging.simp.broker.SimpleBrokerMessageHandler Line:132 - Stopped.
===2018-11-11 23:26:39.776 INFO  org.springframework.scheduling.concurrent.ThreadPoolTaskExecutor Line:208 - Shutting down ExecutorService 'brokerChannelExecutor'
===2018-11-11 23:26:39.776 INFO  org.springframework.scheduling.concurrent.ThreadPoolTaskScheduler Line:208 - Shutting down ExecutorService 'messageBrokerTaskScheduler'
===2018-11-11 23:26:39.777 INFO  org.springframework.scheduling.concurrent.ThreadPoolTaskExecutor Line:208 - Shutting down ExecutorService 'clientOutboundChannelExecutor'
===2018-11-11 23:26:39.777 INFO  org.springframework.scheduling.concurrent.ThreadPoolTaskExecutor Line:208 - Shutting down ExecutorService 'clientInboundChannelExecutor'
